<?xml version="1.0" encoding="UTF-8"?>
<testsuite xmlns:xsi="http://www.w3.org/2001/XMLSchema-instance" xsi:noNamespaceSchemaLocation="https://maven.apache.org/surefire/maven-surefire-plugin/xsd/surefire-test-report-3.0.xsd" version="3.0" name="org.example.vehicleregistration.VehicleRegistrationApplicationTests" time="19.056" tests="1" errors="0" skipped="0" failures="0">
  <properties>
    <property name="java.specification.version" value="17"/>
    <property name="sun.jnu.encoding" value="UTF-8"/>
    <property name="java.class.path" value="/mnt/d/EMT/VehicleRegistration/target/test-classes:/mnt/d/EMT/VehicleRegistration/target/classes:/home/lejzo/.m2/repository/org/springframework/boot/spring-boot-starter-data-jdbc/3.2.4/spring-boot-starter-data-jdbc-3.2.4.jar:/home/lejzo/.m2/repository/org/springframework/boot/spring-boot-starter-jdbc/3.2.4/spring-boot-starter-jdbc-3.2.4.jar:/home/lejzo/.m2/repository/com/zaxxer/HikariCP/5.0.1/HikariCP-5.0.1.jar:/home/lejzo/.m2/repository/org/springframework/spring-jdbc/6.1.5/spring-jdbc-6.1.5.jar:/home/lejzo/.m2/repository/org/springframework/data/spring-data-jdbc/3.2.4/spring-data-jdbc-3.2.4.jar:/home/lejzo/.m2/repository/org/springframework/data/spring-data-relational/3.2.4/spring-data-relational-3.2.4.jar:/home/lejzo/.m2/repository/com/github/jsqlparser/jsqlparser/4.6/jsqlparser-4.6.jar:/home/lejzo/.m2/repository/org/springframework/data/spring-data-commons/3.2.4/spring-data-commons-3.2.4.jar:/home/lejzo/.m2/repository/org/springframework/spring-tx/6.1.5/spring-tx-6.1.5.jar:/home/lejzo/.m2/repository/org/springframework/spring-context/6.1.5/spring-context-6.1.5.jar:/home/lejzo/.m2/repository/org/springframework/spring-beans/6.1.5/spring-beans-6.1.5.jar:/home/lejzo/.m2/repository/org/springframework/boot/spring-boot-starter-data-jpa/3.2.4/spring-boot-starter-data-jpa-3.2.4.jar:/home/lejzo/.m2/repository/org/springframework/boot/spring-boot-starter-aop/3.2.4/spring-boot-starter-aop-3.2.4.jar:/home/lejzo/.m2/repository/org/aspectj/aspectjweaver/1.9.21/aspectjweaver-1.9.21.jar:/home/lejzo/.m2/repository/org/hibernate/orm/hibernate-core/6.4.4.Final/hibernate-core-6.4.4.Final.jar:/home/lejzo/.m2/repository/jakarta/persistence/jakarta.persistence-api/3.1.0/jakarta.persistence-api-3.1.0.jar:/home/lejzo/.m2/repository/jakarta/transaction/jakarta.transaction-api/2.0.1/jakarta.transaction-api-2.0.1.jar:/home/lejzo/.m2/repository/org/jboss/logging/jboss-logging/3.5.3.Final/jboss-logging-3.5.3.Final.jar:/home/lejzo/.m2/repository/org/hibernate/common/hibernate-commons-annotations/6.0.6.Final/hibernate-commons-annotations-6.0.6.Final.jar:/home/lejzo/.m2/repository/io/smallrye/jandex/3.1.2/jandex-3.1.2.jar:/home/lejzo/.m2/repository/com/fasterxml/classmate/1.6.0/classmate-1.6.0.jar:/home/lejzo/.m2/repository/net/bytebuddy/byte-buddy/1.14.12/byte-buddy-1.14.12.jar:/home/lejzo/.m2/repository/org/glassfish/jaxb/jaxb-runtime/4.0.5/jaxb-runtime-4.0.5.jar:/home/lejzo/.m2/repository/org/glassfish/jaxb/jaxb-core/4.0.5/jaxb-core-4.0.5.jar:/home/lejzo/.m2/repository/org/eclipse/angus/angus-activation/2.0.2/angus-activation-2.0.2.jar:/home/lejzo/.m2/repository/org/glassfish/jaxb/txw2/4.0.5/txw2-4.0.5.jar:/home/lejzo/.m2/repository/com/sun/istack/istack-commons-runtime/4.1.2/istack-commons-runtime-4.1.2.jar:/home/lejzo/.m2/repository/jakarta/inject/jakarta.inject-api/2.0.1/jakarta.inject-api-2.0.1.jar:/home/lejzo/.m2/repository/org/antlr/antlr4-runtime/4.13.0/antlr4-runtime-4.13.0.jar:/home/lejzo/.m2/repository/org/springframework/data/spring-data-jpa/3.2.4/spring-data-jpa-3.2.4.jar:/home/lejzo/.m2/repository/org/springframework/spring-orm/6.1.5/spring-orm-6.1.5.jar:/home/lejzo/.m2/repository/jakarta/annotation/jakarta.annotation-api/2.1.1/jakarta.annotation-api-2.1.1.jar:/home/lejzo/.m2/repository/org/springframework/spring-aspects/6.1.5/spring-aspects-6.1.5.jar:/home/lejzo/.m2/repository/org/springframework/boot/spring-boot-starter-security/3.2.4/spring-boot-starter-security-3.2.4.jar:/home/lejzo/.m2/repository/org/springframework/boot/spring-boot-starter/3.2.4/spring-boot-starter-3.2.4.jar:/home/lejzo/.m2/repository/org/springframework/boot/spring-boot/3.2.4/spring-boot-3.2.4.jar:/home/lejzo/.m2/repository/org/springframework/boot/spring-boot-autoconfigure/3.2.4/spring-boot-autoconfigure-3.2.4.jar:/home/lejzo/.m2/repository/org/springframework/boot/spring-boot-starter-logging/3.2.4/spring-boot-starter-logging-3.2.4.jar:/home/lejzo/.m2/repository/ch/qos/logback/logback-classic/1.4.14/logback-classic-1.4.14.jar:/home/lejzo/.m2/repository/ch/qos/logback/logback-core/1.4.14/logback-core-1.4.14.jar:/home/lejzo/.m2/repository/org/apache/logging/log4j/log4j-to-slf4j/2.21.1/log4j-to-slf4j-2.21.1.jar:/home/lejzo/.m2/repository/org/apache/logging/log4j/log4j-api/2.21.1/log4j-api-2.21.1.jar:/home/lejzo/.m2/repository/org/slf4j/jul-to-slf4j/2.0.12/jul-to-slf4j-2.0.12.jar:/home/lejzo/.m2/repository/org/yaml/snakeyaml/2.2/snakeyaml-2.2.jar:/home/lejzo/.m2/repository/org/springframework/spring-aop/6.1.5/spring-aop-6.1.5.jar:/home/lejzo/.m2/repository/org/springframework/security/spring-security-config/6.2.3/spring-security-config-6.2.3.jar:/home/lejzo/.m2/repository/org/springframework/security/spring-security-web/6.2.3/spring-security-web-6.2.3.jar:/home/lejzo/.m2/repository/org/springframework/spring-expression/6.1.5/spring-expression-6.1.5.jar:/home/lejzo/.m2/repository/org/springframework/boot/spring-boot-starter-thymeleaf/3.2.4/spring-boot-starter-thymeleaf-3.2.4.jar:/home/lejzo/.m2/repository/org/thymeleaf/thymeleaf-spring6/3.1.2.RELEASE/thymeleaf-spring6-3.1.2.RELEASE.jar:/home/lejzo/.m2/repository/org/thymeleaf/thymeleaf/3.1.2.RELEASE/thymeleaf-3.1.2.RELEASE.jar:/home/lejzo/.m2/repository/org/attoparser/attoparser/2.0.7.RELEASE/attoparser-2.0.7.RELEASE.jar:/home/lejzo/.m2/repository/org/unbescape/unbescape/1.1.6.RELEASE/unbescape-1.1.6.RELEASE.jar:/home/lejzo/.m2/repository/org/springframework/boot/spring-boot-starter-web/3.2.4/spring-boot-starter-web-3.2.4.jar:/home/lejzo/.m2/repository/org/springframework/boot/spring-boot-starter-json/3.2.4/spring-boot-starter-json-3.2.4.jar:/home/lejzo/.m2/repository/com/fasterxml/jackson/core/jackson-databind/2.15.4/jackson-databind-2.15.4.jar:/home/lejzo/.m2/repository/com/fasterxml/jackson/core/jackson-annotations/2.15.4/jackson-annotations-2.15.4.jar:/home/lejzo/.m2/repository/com/fasterxml/jackson/core/jackson-core/2.15.4/jackson-core-2.15.4.jar:/home/lejzo/.m2/repository/com/fasterxml/jackson/datatype/jackson-datatype-jdk8/2.15.4/jackson-datatype-jdk8-2.15.4.jar:/home/lejzo/.m2/repository/com/fasterxml/jackson/datatype/jackson-datatype-jsr310/2.15.4/jackson-datatype-jsr310-2.15.4.jar:/home/lejzo/.m2/repository/com/fasterxml/jackson/module/jackson-module-parameter-names/2.15.4/jackson-module-parameter-names-2.15.4.jar:/home/lejzo/.m2/repository/org/springframework/boot/spring-boot-starter-tomcat/3.2.4/spring-boot-starter-tomcat-3.2.4.jar:/home/lejzo/.m2/repository/org/apache/tomcat/embed/tomcat-embed-core/10.1.19/tomcat-embed-core-10.1.19.jar:/home/lejzo/.m2/repository/org/apache/tomcat/embed/tomcat-embed-el/10.1.19/tomcat-embed-el-10.1.19.jar:/home/lejzo/.m2/repository/org/apache/tomcat/embed/tomcat-embed-websocket/10.1.19/tomcat-embed-websocket-10.1.19.jar:/home/lejzo/.m2/repository/org/springframework/spring-web/6.1.5/spring-web-6.1.5.jar:/home/lejzo/.m2/repository/io/micrometer/micrometer-observation/1.12.4/micrometer-observation-1.12.4.jar:/home/lejzo/.m2/repository/io/micrometer/micrometer-commons/1.12.4/micrometer-commons-1.12.4.jar:/home/lejzo/.m2/repository/org/springframework/spring-webmvc/6.1.5/spring-webmvc-6.1.5.jar:/home/lejzo/.m2/repository/org/thymeleaf/extras/thymeleaf-extras-springsecurity6/3.1.2.RELEASE/thymeleaf-extras-springsecurity6-3.1.2.RELEASE.jar:/home/lejzo/.m2/repository/org/slf4j/slf4j-api/2.0.12/slf4j-api-2.0.12.jar:/home/lejzo/.m2/repository/com/stripe/stripe-java/25.5.0/stripe-java-25.5.0.jar:/home/lejzo/.m2/repository/com/google/code/gson/gson/2.10.1/gson-2.10.1.jar:/home/lejzo/.m2/repository/com/h2database/h2/2.2.224/h2-2.2.224.jar:/home/lejzo/.m2/repository/org/postgresql/postgresql/42.6.2/postgresql-42.6.2.jar:/home/lejzo/.m2/repository/org/checkerframework/checker-qual/3.31.0/checker-qual-3.31.0.jar:/home/lejzo/.m2/repository/org/projectlombok/lombok/1.18.30/lombok-1.18.30.jar:/home/lejzo/.m2/repository/org/springframework/boot/spring-boot-starter-test/3.2.4/spring-boot-starter-test-3.2.4.jar:/home/lejzo/.m2/repository/org/springframework/boot/spring-boot-test/3.2.4/spring-boot-test-3.2.4.jar:/home/lejzo/.m2/repository/org/springframework/boot/spring-boot-test-autoconfigure/3.2.4/spring-boot-test-autoconfigure-3.2.4.jar:/home/lejzo/.m2/repository/com/jayway/jsonpath/json-path/2.9.0/json-path-2.9.0.jar:/home/lejzo/.m2/repository/jakarta/xml/bind/jakarta.xml.bind-api/4.0.2/jakarta.xml.bind-api-4.0.2.jar:/home/lejzo/.m2/repository/jakarta/activation/jakarta.activation-api/2.1.3/jakarta.activation-api-2.1.3.jar:/home/lejzo/.m2/repository/net/minidev/json-smart/2.5.0/json-smart-2.5.0.jar:/home/lejzo/.m2/repository/net/minidev/accessors-smart/2.5.0/accessors-smart-2.5.0.jar:/home/lejzo/.m2/repository/org/ow2/asm/asm/9.3/asm-9.3.jar:/home/lejzo/.m2/repository/org/assertj/assertj-core/3.24.2/assertj-core-3.24.2.jar:/home/lejzo/.m2/repository/org/awaitility/awaitility/4.2.0/awaitility-4.2.0.jar:/home/lejzo/.m2/repository/org/hamcrest/hamcrest/2.2/hamcrest-2.2.jar:/home/lejzo/.m2/repository/org/junit/jupiter/junit-jupiter/5.10.2/junit-jupiter-5.10.2.jar:/home/lejzo/.m2/repository/org/junit/jupiter/junit-jupiter-api/5.10.2/junit-jupiter-api-5.10.2.jar:/home/lejzo/.m2/repository/org/opentest4j/opentest4j/1.3.0/opentest4j-1.3.0.jar:/home/lejzo/.m2/repository/org/junit/platform/junit-platform-commons/1.10.2/junit-platform-commons-1.10.2.jar:/home/lejzo/.m2/repository/org/apiguardian/apiguardian-api/1.1.2/apiguardian-api-1.1.2.jar:/home/lejzo/.m2/repository/org/junit/jupiter/junit-jupiter-params/5.10.2/junit-jupiter-params-5.10.2.jar:/home/lejzo/.m2/repository/org/junit/jupiter/junit-jupiter-engine/5.10.2/junit-jupiter-engine-5.10.2.jar:/home/lejzo/.m2/repository/org/junit/platform/junit-platform-engine/1.10.2/junit-platform-engine-1.10.2.jar:/home/lejzo/.m2/repository/org/mockito/mockito-core/5.7.0/mockito-core-5.7.0.jar:/home/lejzo/.m2/repository/net/bytebuddy/byte-buddy-agent/1.14.12/byte-buddy-agent-1.14.12.jar:/home/lejzo/.m2/repository/org/objenesis/objenesis/3.3/objenesis-3.3.jar:/home/lejzo/.m2/repository/org/mockito/mockito-junit-jupiter/5.7.0/mockito-junit-jupiter-5.7.0.jar:/home/lejzo/.m2/repository/org/skyscreamer/jsonassert/1.5.1/jsonassert-1.5.1.jar:/home/lejzo/.m2/repository/com/vaadin/external/google/android-json/0.0.20131108.vaadin1/android-json-0.0.20131108.vaadin1.jar:/home/lejzo/.m2/repository/org/springframework/spring-core/6.1.5/spring-core-6.1.5.jar:/home/lejzo/.m2/repository/org/springframework/spring-jcl/6.1.5/spring-jcl-6.1.5.jar:/home/lejzo/.m2/repository/org/springframework/spring-test/6.1.5/spring-test-6.1.5.jar:/home/lejzo/.m2/repository/org/xmlunit/xmlunit-core/2.9.1/xmlunit-core-2.9.1.jar:/home/lejzo/.m2/repository/org/springframework/security/spring-security-test/6.2.3/spring-security-test-6.2.3.jar:/home/lejzo/.m2/repository/org/springframework/security/spring-security-core/6.2.3/spring-security-core-6.2.3.jar:/home/lejzo/.m2/repository/org/springframework/security/spring-security-crypto/6.2.3/spring-security-crypto-6.2.3.jar:"/>
    <property name="java.vm.vendor" value="Ubuntu"/>
    <property name="sun.arch.data.model" value="64"/>
    <property name="java.vendor.url" value="https://ubuntu.com/"/>
    <property name="user.timezone" value="Europe/Warsaw"/>
    <property name="org.jboss.logging.provider" value="slf4j"/>
    <property name="os.name" value="Linux"/>
    <property name="java.vm.specification.version" value="17"/>
    <property name="sun.java.launcher" value="SUN_STANDARD"/>
    <property name="sun.boot.library.path" value="/usr/lib/jvm/java-17-openjdk-amd64/lib"/>
    <property name="sun.java.command" value="/mnt/d/EMT/VehicleRegistration/target/surefire/surefirebooter-20240625122403171_3.jar /mnt/d/EMT/VehicleRegistration/target/surefire 2024-06-25T12-24-01_953-jvmRun1 surefire-20240625122403171_1tmp surefire_0-20240625122403171_2tmp"/>
    <property name="jdk.debug" value="release"/>
    <property name="surefire.test.class.path" value="/mnt/d/EMT/VehicleRegistration/target/test-classes:/mnt/d/EMT/VehicleRegistration/target/classes:/home/lejzo/.m2/repository/org/springframework/boot/spring-boot-starter-data-jdbc/3.2.4/spring-boot-starter-data-jdbc-3.2.4.jar:/home/lejzo/.m2/repository/org/springframework/boot/spring-boot-starter-jdbc/3.2.4/spring-boot-starter-jdbc-3.2.4.jar:/home/lejzo/.m2/repository/com/zaxxer/HikariCP/5.0.1/HikariCP-5.0.1.jar:/home/lejzo/.m2/repository/org/springframework/spring-jdbc/6.1.5/spring-jdbc-6.1.5.jar:/home/lejzo/.m2/repository/org/springframework/data/spring-data-jdbc/3.2.4/spring-data-jdbc-3.2.4.jar:/home/lejzo/.m2/repository/org/springframework/data/spring-data-relational/3.2.4/spring-data-relational-3.2.4.jar:/home/lejzo/.m2/repository/com/github/jsqlparser/jsqlparser/4.6/jsqlparser-4.6.jar:/home/lejzo/.m2/repository/org/springframework/data/spring-data-commons/3.2.4/spring-data-commons-3.2.4.jar:/home/lejzo/.m2/repository/org/springframework/spring-tx/6.1.5/spring-tx-6.1.5.jar:/home/lejzo/.m2/repository/org/springframework/spring-context/6.1.5/spring-context-6.1.5.jar:/home/lejzo/.m2/repository/org/springframework/spring-beans/6.1.5/spring-beans-6.1.5.jar:/home/lejzo/.m2/repository/org/springframework/boot/spring-boot-starter-data-jpa/3.2.4/spring-boot-starter-data-jpa-3.2.4.jar:/home/lejzo/.m2/repository/org/springframework/boot/spring-boot-starter-aop/3.2.4/spring-boot-starter-aop-3.2.4.jar:/home/lejzo/.m2/repository/org/aspectj/aspectjweaver/1.9.21/aspectjweaver-1.9.21.jar:/home/lejzo/.m2/repository/org/hibernate/orm/hibernate-core/6.4.4.Final/hibernate-core-6.4.4.Final.jar:/home/lejzo/.m2/repository/jakarta/persistence/jakarta.persistence-api/3.1.0/jakarta.persistence-api-3.1.0.jar:/home/lejzo/.m2/repository/jakarta/transaction/jakarta.transaction-api/2.0.1/jakarta.transaction-api-2.0.1.jar:/home/lejzo/.m2/repository/org/jboss/logging/jboss-logging/3.5.3.Final/jboss-logging-3.5.3.Final.jar:/home/lejzo/.m2/repository/org/hibernate/common/hibernate-commons-annotations/6.0.6.Final/hibernate-commons-annotations-6.0.6.Final.jar:/home/lejzo/.m2/repository/io/smallrye/jandex/3.1.2/jandex-3.1.2.jar:/home/lejzo/.m2/repository/com/fasterxml/classmate/1.6.0/classmate-1.6.0.jar:/home/lejzo/.m2/repository/net/bytebuddy/byte-buddy/1.14.12/byte-buddy-1.14.12.jar:/home/lejzo/.m2/repository/org/glassfish/jaxb/jaxb-runtime/4.0.5/jaxb-runtime-4.0.5.jar:/home/lejzo/.m2/repository/org/glassfish/jaxb/jaxb-core/4.0.5/jaxb-core-4.0.5.jar:/home/lejzo/.m2/repository/org/eclipse/angus/angus-activation/2.0.2/angus-activation-2.0.2.jar:/home/lejzo/.m2/repository/org/glassfish/jaxb/txw2/4.0.5/txw2-4.0.5.jar:/home/lejzo/.m2/repository/com/sun/istack/istack-commons-runtime/4.1.2/istack-commons-runtime-4.1.2.jar:/home/lejzo/.m2/repository/jakarta/inject/jakarta.inject-api/2.0.1/jakarta.inject-api-2.0.1.jar:/home/lejzo/.m2/repository/org/antlr/antlr4-runtime/4.13.0/antlr4-runtime-4.13.0.jar:/home/lejzo/.m2/repository/org/springframework/data/spring-data-jpa/3.2.4/spring-data-jpa-3.2.4.jar:/home/lejzo/.m2/repository/org/springframework/spring-orm/6.1.5/spring-orm-6.1.5.jar:/home/lejzo/.m2/repository/jakarta/annotation/jakarta.annotation-api/2.1.1/jakarta.annotation-api-2.1.1.jar:/home/lejzo/.m2/repository/org/springframework/spring-aspects/6.1.5/spring-aspects-6.1.5.jar:/home/lejzo/.m2/repository/org/springframework/boot/spring-boot-starter-security/3.2.4/spring-boot-starter-security-3.2.4.jar:/home/lejzo/.m2/repository/org/springframework/boot/spring-boot-starter/3.2.4/spring-boot-starter-3.2.4.jar:/home/lejzo/.m2/repository/org/springframework/boot/spring-boot/3.2.4/spring-boot-3.2.4.jar:/home/lejzo/.m2/repository/org/springframework/boot/spring-boot-autoconfigure/3.2.4/spring-boot-autoconfigure-3.2.4.jar:/home/lejzo/.m2/repository/org/springframework/boot/spring-boot-starter-logging/3.2.4/spring-boot-starter-logging-3.2.4.jar:/home/lejzo/.m2/repository/ch/qos/logback/logback-classic/1.4.14/logback-classic-1.4.14.jar:/home/lejzo/.m2/repository/ch/qos/logback/logback-core/1.4.14/logback-core-1.4.14.jar:/home/lejzo/.m2/repository/org/apache/logging/log4j/log4j-to-slf4j/2.21.1/log4j-to-slf4j-2.21.1.jar:/home/lejzo/.m2/repository/org/apache/logging/log4j/log4j-api/2.21.1/log4j-api-2.21.1.jar:/home/lejzo/.m2/repository/org/slf4j/jul-to-slf4j/2.0.12/jul-to-slf4j-2.0.12.jar:/home/lejzo/.m2/repository/org/yaml/snakeyaml/2.2/snakeyaml-2.2.jar:/home/lejzo/.m2/repository/org/springframework/spring-aop/6.1.5/spring-aop-6.1.5.jar:/home/lejzo/.m2/repository/org/springframework/security/spring-security-config/6.2.3/spring-security-config-6.2.3.jar:/home/lejzo/.m2/repository/org/springframework/security/spring-security-web/6.2.3/spring-security-web-6.2.3.jar:/home/lejzo/.m2/repository/org/springframework/spring-expression/6.1.5/spring-expression-6.1.5.jar:/home/lejzo/.m2/repository/org/springframework/boot/spring-boot-starter-thymeleaf/3.2.4/spring-boot-starter-thymeleaf-3.2.4.jar:/home/lejzo/.m2/repository/org/thymeleaf/thymeleaf-spring6/3.1.2.RELEASE/thymeleaf-spring6-3.1.2.RELEASE.jar:/home/lejzo/.m2/repository/org/thymeleaf/thymeleaf/3.1.2.RELEASE/thymeleaf-3.1.2.RELEASE.jar:/home/lejzo/.m2/repository/org/attoparser/attoparser/2.0.7.RELEASE/attoparser-2.0.7.RELEASE.jar:/home/lejzo/.m2/repository/org/unbescape/unbescape/1.1.6.RELEASE/unbescape-1.1.6.RELEASE.jar:/home/lejzo/.m2/repository/org/springframework/boot/spring-boot-starter-web/3.2.4/spring-boot-starter-web-3.2.4.jar:/home/lejzo/.m2/repository/org/springframework/boot/spring-boot-starter-json/3.2.4/spring-boot-starter-json-3.2.4.jar:/home/lejzo/.m2/repository/com/fasterxml/jackson/core/jackson-databind/2.15.4/jackson-databind-2.15.4.jar:/home/lejzo/.m2/repository/com/fasterxml/jackson/core/jackson-annotations/2.15.4/jackson-annotations-2.15.4.jar:/home/lejzo/.m2/repository/com/fasterxml/jackson/core/jackson-core/2.15.4/jackson-core-2.15.4.jar:/home/lejzo/.m2/repository/com/fasterxml/jackson/datatype/jackson-datatype-jdk8/2.15.4/jackson-datatype-jdk8-2.15.4.jar:/home/lejzo/.m2/repository/com/fasterxml/jackson/datatype/jackson-datatype-jsr310/2.15.4/jackson-datatype-jsr310-2.15.4.jar:/home/lejzo/.m2/repository/com/fasterxml/jackson/module/jackson-module-parameter-names/2.15.4/jackson-module-parameter-names-2.15.4.jar:/home/lejzo/.m2/repository/org/springframework/boot/spring-boot-starter-tomcat/3.2.4/spring-boot-starter-tomcat-3.2.4.jar:/home/lejzo/.m2/repository/org/apache/tomcat/embed/tomcat-embed-core/10.1.19/tomcat-embed-core-10.1.19.jar:/home/lejzo/.m2/repository/org/apache/tomcat/embed/tomcat-embed-el/10.1.19/tomcat-embed-el-10.1.19.jar:/home/lejzo/.m2/repository/org/apache/tomcat/embed/tomcat-embed-websocket/10.1.19/tomcat-embed-websocket-10.1.19.jar:/home/lejzo/.m2/repository/org/springframework/spring-web/6.1.5/spring-web-6.1.5.jar:/home/lejzo/.m2/repository/io/micrometer/micrometer-observation/1.12.4/micrometer-observation-1.12.4.jar:/home/lejzo/.m2/repository/io/micrometer/micrometer-commons/1.12.4/micrometer-commons-1.12.4.jar:/home/lejzo/.m2/repository/org/springframework/spring-webmvc/6.1.5/spring-webmvc-6.1.5.jar:/home/lejzo/.m2/repository/org/thymeleaf/extras/thymeleaf-extras-springsecurity6/3.1.2.RELEASE/thymeleaf-extras-springsecurity6-3.1.2.RELEASE.jar:/home/lejzo/.m2/repository/org/slf4j/slf4j-api/2.0.12/slf4j-api-2.0.12.jar:/home/lejzo/.m2/repository/com/stripe/stripe-java/25.5.0/stripe-java-25.5.0.jar:/home/lejzo/.m2/repository/com/google/code/gson/gson/2.10.1/gson-2.10.1.jar:/home/lejzo/.m2/repository/com/h2database/h2/2.2.224/h2-2.2.224.jar:/home/lejzo/.m2/repository/org/postgresql/postgresql/42.6.2/postgresql-42.6.2.jar:/home/lejzo/.m2/repository/org/checkerframework/checker-qual/3.31.0/checker-qual-3.31.0.jar:/home/lejzo/.m2/repository/org/projectlombok/lombok/1.18.30/lombok-1.18.30.jar:/home/lejzo/.m2/repository/org/springframework/boot/spring-boot-starter-test/3.2.4/spring-boot-starter-test-3.2.4.jar:/home/lejzo/.m2/repository/org/springframework/boot/spring-boot-test/3.2.4/spring-boot-test-3.2.4.jar:/home/lejzo/.m2/repository/org/springframework/boot/spring-boot-test-autoconfigure/3.2.4/spring-boot-test-autoconfigure-3.2.4.jar:/home/lejzo/.m2/repository/com/jayway/jsonpath/json-path/2.9.0/json-path-2.9.0.jar:/home/lejzo/.m2/repository/jakarta/xml/bind/jakarta.xml.bind-api/4.0.2/jakarta.xml.bind-api-4.0.2.jar:/home/lejzo/.m2/repository/jakarta/activation/jakarta.activation-api/2.1.3/jakarta.activation-api-2.1.3.jar:/home/lejzo/.m2/repository/net/minidev/json-smart/2.5.0/json-smart-2.5.0.jar:/home/lejzo/.m2/repository/net/minidev/accessors-smart/2.5.0/accessors-smart-2.5.0.jar:/home/lejzo/.m2/repository/org/ow2/asm/asm/9.3/asm-9.3.jar:/home/lejzo/.m2/repository/org/assertj/assertj-core/3.24.2/assertj-core-3.24.2.jar:/home/lejzo/.m2/repository/org/awaitility/awaitility/4.2.0/awaitility-4.2.0.jar:/home/lejzo/.m2/repository/org/hamcrest/hamcrest/2.2/hamcrest-2.2.jar:/home/lejzo/.m2/repository/org/junit/jupiter/junit-jupiter/5.10.2/junit-jupiter-5.10.2.jar:/home/lejzo/.m2/repository/org/junit/jupiter/junit-jupiter-api/5.10.2/junit-jupiter-api-5.10.2.jar:/home/lejzo/.m2/repository/org/opentest4j/opentest4j/1.3.0/opentest4j-1.3.0.jar:/home/lejzo/.m2/repository/org/junit/platform/junit-platform-commons/1.10.2/junit-platform-commons-1.10.2.jar:/home/lejzo/.m2/repository/org/apiguardian/apiguardian-api/1.1.2/apiguardian-api-1.1.2.jar:/home/lejzo/.m2/repository/org/junit/jupiter/junit-jupiter-params/5.10.2/junit-jupiter-params-5.10.2.jar:/home/lejzo/.m2/repository/org/junit/jupiter/junit-jupiter-engine/5.10.2/junit-jupiter-engine-5.10.2.jar:/home/lejzo/.m2/repository/org/junit/platform/junit-platform-engine/1.10.2/junit-platform-engine-1.10.2.jar:/home/lejzo/.m2/repository/org/mockito/mockito-core/5.7.0/mockito-core-5.7.0.jar:/home/lejzo/.m2/repository/net/bytebuddy/byte-buddy-agent/1.14.12/byte-buddy-agent-1.14.12.jar:/home/lejzo/.m2/repository/org/objenesis/objenesis/3.3/objenesis-3.3.jar:/home/lejzo/.m2/repository/org/mockito/mockito-junit-jupiter/5.7.0/mockito-junit-jupiter-5.7.0.jar:/home/lejzo/.m2/repository/org/skyscreamer/jsonassert/1.5.1/jsonassert-1.5.1.jar:/home/lejzo/.m2/repository/com/vaadin/external/google/android-json/0.0.20131108.vaadin1/android-json-0.0.20131108.vaadin1.jar:/home/lejzo/.m2/repository/org/springframework/spring-core/6.1.5/spring-core-6.1.5.jar:/home/lejzo/.m2/repository/org/springframework/spring-jcl/6.1.5/spring-jcl-6.1.5.jar:/home/lejzo/.m2/repository/org/springframework/spring-test/6.1.5/spring-test-6.1.5.jar:/home/lejzo/.m2/repository/org/xmlunit/xmlunit-core/2.9.1/xmlunit-core-2.9.1.jar:/home/lejzo/.m2/repository/org/springframework/security/spring-security-test/6.2.3/spring-security-test-6.2.3.jar:/home/lejzo/.m2/repository/org/springframework/security/spring-security-core/6.2.3/spring-security-core-6.2.3.jar:/home/lejzo/.m2/repository/org/springframework/security/spring-security-crypto/6.2.3/spring-security-crypto-6.2.3.jar:"/>
    <property name="sun.cpu.endian" value="little"/>
    <property name="user.home" value="/home/lejzo"/>
    <property name="user.language" value="en"/>
    <property name="java.specification.vendor" value="Oracle Corporation"/>
    <property name="java.version.date" value="2024-04-16"/>
    <property name="java.home" value="/usr/lib/jvm/java-17-openjdk-amd64"/>
    <property name="file.separator" value="/"/>
    <property name="basedir" value="/mnt/d/EMT/VehicleRegistration"/>
    <property name="java.vm.compressedOopsMode" value="32-bit"/>
    <property name="line.separator" value="&#10;"/>
    <property name="java.specification.name" value="Java Platform API Specification"/>
    <property name="java.vm.specification.vendor" value="Oracle Corporation"/>
    <property name="FILE_LOG_CHARSET" value="UTF-8"/>
    <property name="java.awt.headless" value="true"/>
    <property name="surefire.real.class.path" value="/mnt/d/EMT/VehicleRegistration/target/surefire/surefirebooter-20240625122403171_3.jar"/>
    <property name="sun.management.compiler" value="HotSpot 64-Bit Tiered Compilers"/>
    <property name="java.runtime.version" value="17.0.11+9-Ubuntu-122.04.1"/>
    <property name="user.name" value="lejzo"/>
    <property name="path.separator" value=":"/>
    <property name="os.version" value="5.15.153.1-microsoft-standard-WSL2"/>
    <property name="java.runtime.name" value="OpenJDK Runtime Environment"/>
    <property name="file.encoding" value="UTF-8"/>
    <property name="java.vm.name" value="OpenJDK 64-Bit Server VM"/>
    <property name="localRepository" value="/home/lejzo/.m2/repository"/>
    <property name="java.vendor.url.bug" value="https://bugs.launchpad.net/ubuntu/+source/openjdk-17"/>
    <property name="java.io.tmpdir" value="/tmp"/>
    <property name="com.zaxxer.hikari.pool_number" value="1"/>
    <property name="java.version" value="17.0.11"/>
    <property name="user.dir" value="/mnt/d/EMT/VehicleRegistration"/>
    <property name="os.arch" value="amd64"/>
    <property name="java.vm.specification.name" value="Java Virtual Machine Specification"/>
    <property name="PID" value="16180"/>
    <property name="CONSOLE_LOG_CHARSET" value="UTF-8"/>
    <property name="native.encoding" value="UTF-8"/>
    <property name="java.library.path" value="/usr/java/packages/lib:/usr/lib/x86_64-linux-gnu/jni:/lib/x86_64-linux-gnu:/usr/lib/x86_64-linux-gnu:/usr/lib/jni:/lib:/usr/lib"/>
    <property name="java.vm.info" value="mixed mode, sharing"/>
    <property name="java.vendor" value="Ubuntu"/>
    <property name="java.vm.version" value="17.0.11+9-Ubuntu-122.04.1"/>
    <property name="sun.io.unicode.encoding" value="UnicodeLittle"/>
    <property name="java.class.version" value="61.0"/>
    <property name="LOGGED_APPLICATION_NAME" value="[VehicleInspection] "/>
  </properties>
  <testcase name="contextLoads" classname="org.example.vehicleregistration.VehicleRegistrationApplicationTests" time="0.829">
    <system-out><![CDATA[12:24:04.566 [main] INFO org.springframework.test.context.support.AnnotationConfigContextLoaderUtils -- Could not detect default configuration classes for test class [org.example.vehicleregistration.VehicleRegistrationApplicationTests]: VehicleRegistrationApplicationTests does not declare any static, non-private, non-final, nested classes annotated with @Configuration.
12:24:05.072 [main] INFO org.springframework.boot.test.context.SpringBootTestContextBootstrapper -- Found @SpringBootConfiguration org.example.vehicleregistration.VehicleRegistrationApplication for test class org.example.vehicleregistration.VehicleRegistrationApplicationTests

  .   ____          _            __ _ _
 /\\ / ___'_ __ _ _(_)_ __  __ _ \ \ \ \
( ( )\___ | '_ | '_| | '_ \/ _` | \ \ \ \
 \\/  ___)| |_)| | | | | || (_| |  ) ) ) )
  '  |____| .__|_| |_|_| |_\__, | / / / /
 =========|_|==============|___/=/_/_/_/
 :: Spring Boot ::                (v3.2.4)

2024-06-25T12:24:06.473+02:00  INFO 16180 --- [VehicleInspection] [           main] .e.v.VehicleRegistrationApplicationTests : Starting VehicleRegistrationApplicationTests using Java 17.0.11 with PID 16180 (started by lejzo in /mnt/d/EMT/VehicleRegistration)
2024-06-25T12:24:06.475+02:00  INFO 16180 --- [VehicleInspection] [           main] .e.v.VehicleRegistrationApplicationTests : The following 2 profiles are active: "prod", "stripe"
2024-06-25T12:24:09.317+02:00  INFO 16180 --- [VehicleInspection] [           main] .s.d.r.c.RepositoryConfigurationDelegate : Multiple Spring Data modules found, entering strict repository configuration mode
2024-06-25T12:24:09.324+02:00  INFO 16180 --- [VehicleInspection] [           main] .s.d.r.c.RepositoryConfigurationDelegate : Bootstrapping Spring Data JDBC repositories in DEFAULT mode.
2024-06-25T12:24:09.518+02:00  INFO 16180 --- [VehicleInspection] [           main] .RepositoryConfigurationExtensionSupport : Spring Data JDBC - Could not safely identify store assignment for repository candidate interface org.example.vehicleregistration.repository.CenterRepository; If you want this repository to be a JDBC repository, consider annotating your entities with one of these annotations: org.springframework.data.relational.core.mapping.Table.
2024-06-25T12:24:09.530+02:00  INFO 16180 --- [VehicleInspection] [           main] .RepositoryConfigurationExtensionSupport : Spring Data JDBC - Could not safely identify store assignment for repository candidate interface org.example.vehicleregistration.repository.InspectionRepository; If you want this repository to be a JDBC repository, consider annotating your entities with one of these annotations: org.springframework.data.relational.core.mapping.Table.
2024-06-25T12:24:09.540+02:00  INFO 16180 --- [VehicleInspection] [           main] .RepositoryConfigurationExtensionSupport : Spring Data JDBC - Could not safely identify store assignment for repository candidate interface org.example.vehicleregistration.repository.InspectionTermRepository; If you want this repository to be a JDBC repository, consider annotating your entities with one of these annotations: org.springframework.data.relational.core.mapping.Table.
2024-06-25T12:24:09.553+02:00  INFO 16180 --- [VehicleInspection] [           main] .RepositoryConfigurationExtensionSupport : Spring Data JDBC - Could not safely identify store assignment for repository candidate interface org.example.vehicleregistration.repository.UserRepository; If you want this repository to be a JDBC repository, consider annotating your entities with one of these annotations: org.springframework.data.relational.core.mapping.Table.
2024-06-25T12:24:09.564+02:00  INFO 16180 --- [VehicleInspection] [           main] .RepositoryConfigurationExtensionSupport : Spring Data JDBC - Could not safely identify store assignment for repository candidate interface org.example.vehicleregistration.repository.VehicleRepository; If you want this repository to be a JDBC repository, consider annotating your entities with one of these annotations: org.springframework.data.relational.core.mapping.Table.
2024-06-25T12:24:09.566+02:00  INFO 16180 --- [VehicleInspection] [           main] .s.d.r.c.RepositoryConfigurationDelegate : Finished Spring Data repository scanning in 228 ms. Found 0 JDBC repository interfaces.
2024-06-25T12:24:09.611+02:00  INFO 16180 --- [VehicleInspection] [           main] .s.d.r.c.RepositoryConfigurationDelegate : Multiple Spring Data modules found, entering strict repository configuration mode
2024-06-25T12:24:09.616+02:00  INFO 16180 --- [VehicleInspection] [           main] .s.d.r.c.RepositoryConfigurationDelegate : Bootstrapping Spring Data JPA repositories in DEFAULT mode.
2024-06-25T12:24:09.976+02:00  INFO 16180 --- [VehicleInspection] [           main] .s.d.r.c.RepositoryConfigurationDelegate : Finished Spring Data repository scanning in 341 ms. Found 5 JPA repository interfaces.
2024-06-25T12:24:11.806+02:00  INFO 16180 --- [VehicleInspection] [           main] o.hibernate.jpa.internal.util.LogHelper  : HHH000204: Processing PersistenceUnitInfo [name: default]
2024-06-25T12:24:12.148+02:00  INFO 16180 --- [VehicleInspection] [           main] org.hibernate.Version                    : HHH000412: Hibernate ORM core version 6.4.4.Final
2024-06-25T12:24:12.298+02:00  INFO 16180 --- [VehicleInspection] [           main] o.h.c.internal.RegionFactoryInitiator    : HHH000026: Second-level cache disabled
2024-06-25T12:24:13.245+02:00  INFO 16180 --- [VehicleInspection] [           main] o.s.o.j.p.SpringPersistenceUnitInfo      : No LoadTimeWeaver setup: ignoring JPA class transformer
2024-06-25T12:24:13.399+02:00  INFO 16180 --- [VehicleInspection] [           main] com.zaxxer.hikari.HikariDataSource       : HikariPool-1 - Starting...
2024-06-25T12:24:13.838+02:00  INFO 16180 --- [VehicleInspection] [           main] com.zaxxer.hikari.pool.HikariPool        : HikariPool-1 - Added connection org.postgresql.jdbc.PgConnection@2565a7d0
2024-06-25T12:24:13.844+02:00  INFO 16180 --- [VehicleInspection] [           main] com.zaxxer.hikari.HikariDataSource       : HikariPool-1 - Start completed.
2024-06-25T12:24:13.987+02:00  WARN 16180 --- [VehicleInspection] [           main] org.hibernate.orm.deprecation            : HHH90000025: PostgreSQLDialect does not need to be specified explicitly using 'hibernate.dialect' (remove the property setting and it will be selected by default)
2024-06-25T12:24:17.588+02:00  INFO 16180 --- [VehicleInspection] [           main] o.h.e.t.j.p.i.JtaPlatformInitiator       : HHH000489: No JTA platform available (set 'hibernate.transaction.jta.platform' to enable JTA platform integration)
2024-06-25T12:24:17.792+02:00  INFO 16180 --- [VehicleInspection] [           main] j.LocalContainerEntityManagerFactoryBean : Initialized JPA EntityManagerFactory for persistence unit 'default'
Hibernate: select u1_0.username,u1_0.is_account_non_expired,u1_0.is_account_non_locked,u1_0.is_credentials_non_expired,u1_0.is_enabled,u1_0.name,u1_0.password,u1_0.role,u1_0.surname from reg_users u1_0 where u1_0.username=?
Hibernate: select v1_0.user_username,v1_0.id,v1_0.color,v1_0.had_inspection,v1_0.make,v1_0.model,v1_0.registration_number,v1_0.vehicle_year,v1_0.vin from vehicle v1_0 where v1_0.user_username=?
Hibernate: select i1_0.user_username,i1_0.id,dt1_0.id,dt1_0.date,dt1_0.inspection_center_id,dt1_0.is_scheduled,dt1_0.time,ic2_0.id,ic2_0.city,ic2_0.contact_details,ic2_0.name,v1_0.id,v1_0.color,v1_0.had_inspection,v1_0.make,v1_0.model,v1_0.registration_number,u2_0.username,u2_0.is_account_non_expired,u2_0.is_account_non_locked,u2_0.is_credentials_non_expired,u2_0.is_enabled,u2_0.name,u2_0.password,u2_0.role,u2_0.surname,v1_0.vehicle_year,v1_0.vin from vehicle_inspection i1_0 left join inspection_term dt1_0 on dt1_0.id=i1_0.date_time_id left join inspection_center ic2_0 on ic2_0.id=i1_0.inspection_center_id left join vehicle v1_0 on v1_0.id=i1_0.vehicle_id left join reg_users u2_0 on u2_0.username=v1_0.user_username where i1_0.user_username=?
Hibernate: select u1_0.username,u1_0.is_account_non_expired,u1_0.is_account_non_locked,u1_0.is_credentials_non_expired,u1_0.is_enabled,u1_0.name,u1_0.password,u1_0.role,u1_0.surname from reg_users u1_0 where u1_0.username=?
Hibernate: select v1_0.user_username,v1_0.id,v1_0.color,v1_0.had_inspection,v1_0.make,v1_0.model,v1_0.registration_number,v1_0.vehicle_year,v1_0.vin from vehicle v1_0 where v1_0.user_username=?
Hibernate: select i1_0.user_username,i1_0.id,dt1_0.id,dt1_0.date,dt1_0.inspection_center_id,dt1_0.is_scheduled,dt1_0.time,ic2_0.id,ic2_0.city,ic2_0.contact_details,ic2_0.name,v1_0.id,v1_0.color,v1_0.had_inspection,v1_0.make,v1_0.model,v1_0.registration_number,u2_0.username,u2_0.is_account_non_expired,u2_0.is_account_non_locked,u2_0.is_credentials_non_expired,u2_0.is_enabled,u2_0.name,u2_0.password,u2_0.role,u2_0.surname,v1_0.vehicle_year,v1_0.vin from vehicle_inspection i1_0 left join inspection_term dt1_0 on dt1_0.id=i1_0.date_time_id left join inspection_center ic2_0 on ic2_0.id=i1_0.inspection_center_id left join vehicle v1_0 on v1_0.id=i1_0.vehicle_id left join reg_users u2_0 on u2_0.username=v1_0.user_username where i1_0.user_username=?
Hibernate: select u1_0.username,u1_0.is_account_non_expired,u1_0.is_account_non_locked,u1_0.is_credentials_non_expired,u1_0.is_enabled,u1_0.name,u1_0.password,u1_0.role,u1_0.surname from reg_users u1_0 where u1_0.username=?
Hibernate: select v1_0.user_username,v1_0.id,v1_0.color,v1_0.had_inspection,v1_0.make,v1_0.model,v1_0.registration_number,v1_0.vehicle_year,v1_0.vin from vehicle v1_0 where v1_0.user_username=?
Hibernate: select i1_0.user_username,i1_0.id,dt1_0.id,dt1_0.date,dt1_0.inspection_center_id,dt1_0.is_scheduled,dt1_0.time,ic2_0.id,ic2_0.city,ic2_0.contact_details,ic2_0.name,v1_0.id,v1_0.color,v1_0.had_inspection,v1_0.make,v1_0.model,v1_0.registration_number,u2_0.username,u2_0.is_account_non_expired,u2_0.is_account_non_locked,u2_0.is_credentials_non_expired,u2_0.is_enabled,u2_0.name,u2_0.password,u2_0.role,u2_0.surname,v1_0.vehicle_year,v1_0.vin from vehicle_inspection i1_0 left join inspection_term dt1_0 on dt1_0.id=i1_0.date_time_id left join inspection_center ic2_0 on ic2_0.id=i1_0.inspection_center_id left join vehicle v1_0 on v1_0.id=i1_0.vehicle_id left join reg_users u2_0 on u2_0.username=v1_0.user_username where i1_0.user_username=?
Hibernate: select u1_0.username,u1_0.is_account_non_expired,u1_0.is_account_non_locked,u1_0.is_credentials_non_expired,u1_0.is_enabled,u1_0.name,u1_0.password,u1_0.role,u1_0.surname from reg_users u1_0 where u1_0.username=?
Hibernate: select v1_0.user_username,v1_0.id,v1_0.color,v1_0.had_inspection,v1_0.make,v1_0.model,v1_0.registration_number,v1_0.vehicle_year,v1_0.vin from vehicle v1_0 where v1_0.user_username=?
Hibernate: select i1_0.user_username,i1_0.id,dt1_0.id,dt1_0.date,dt1_0.inspection_center_id,dt1_0.is_scheduled,dt1_0.time,ic2_0.id,ic2_0.city,ic2_0.contact_details,ic2_0.name,v1_0.id,v1_0.color,v1_0.had_inspection,v1_0.make,v1_0.model,v1_0.registration_number,u2_0.username,u2_0.is_account_non_expired,u2_0.is_account_non_locked,u2_0.is_credentials_non_expired,u2_0.is_enabled,u2_0.name,u2_0.password,u2_0.role,u2_0.surname,v1_0.vehicle_year,v1_0.vin from vehicle_inspection i1_0 left join inspection_term dt1_0 on dt1_0.id=i1_0.date_time_id left join inspection_center ic2_0 on ic2_0.id=i1_0.inspection_center_id left join vehicle v1_0 on v1_0.id=i1_0.vehicle_id left join reg_users u2_0 on u2_0.username=v1_0.user_username where i1_0.user_username=?
Hibernate: select null,u1_0.is_account_non_expired,u1_0.is_account_non_locked,u1_0.is_credentials_non_expired,u1_0.is_enabled,u1_0.name,u1_0.password,u1_0.role,u1_0.surname from reg_users u1_0 where u1_0.username=?
Hibernate: insert into vehicle (color,had_inspection,make,model,registration_number,user_username,vehicle_year,vin) values (?,?,?,?,?,?,?,?)
Hibernate: insert into inspection_center (city,contact_details,name) values (?,?,?)
Hibernate: insert into inspection_center (city,contact_details,name) values (?,?,?)
Hibernate: select ic1_0.id,ic1_0.city,ic1_0.contact_details,ic1_0.name from inspection_center ic1_0 where ic1_0.id=?
Hibernate: insert into inspection_term (date,inspection_center_id,is_scheduled,time) values (?,?,?,?)
Hibernate: insert into inspection_term (date,inspection_center_id,is_scheduled,time) values (?,?,?,?)
Hibernate: insert into inspection_term (date,inspection_center_id,is_scheduled,time) values (?,?,?,?)
Hibernate: insert into inspection_term (date,inspection_center_id,is_scheduled,time) values (?,?,?,?)
Hibernate: insert into inspection_term (date,inspection_center_id,is_scheduled,time) values (?,?,?,?)
Hibernate: insert into inspection_term (date,inspection_center_id,is_scheduled,time) values (?,?,?,?)
Hibernate: insert into inspection_term (date,inspection_center_id,is_scheduled,time) values (?,?,?,?)
Hibernate: insert into inspection_term (date,inspection_center_id,is_scheduled,time) values (?,?,?,?)
Hibernate: insert into inspection_term (date,inspection_center_id,is_scheduled,time) values (?,?,?,?)
Hibernate: insert into inspection_term (date,inspection_center_id,is_scheduled,time) values (?,?,?,?)
Hibernate: insert into inspection_term (date,inspection_center_id,is_scheduled,time) values (?,?,?,?)
Hibernate: insert into inspection_term (date,inspection_center_id,is_scheduled,time) values (?,?,?,?)
Hibernate: insert into inspection_term (date,inspection_center_id,is_scheduled,time) values (?,?,?,?)
Hibernate: insert into inspection_term (date,inspection_center_id,is_scheduled,time) values (?,?,?,?)
Hibernate: insert into inspection_term (date,inspection_center_id,is_scheduled,time) values (?,?,?,?)
Hibernate: insert into inspection_term (date,inspection_center_id,is_scheduled,time) values (?,?,?,?)
Hibernate: insert into inspection_term (date,inspection_center_id,is_scheduled,time) values (?,?,?,?)
Hibernate: insert into inspection_term (date,inspection_center_id,is_scheduled,time) values (?,?,?,?)
Hibernate: insert into inspection_term (date,inspection_center_id,is_scheduled,time) values (?,?,?,?)
Hibernate: insert into inspection_term (date,inspection_center_id,is_scheduled,time) values (?,?,?,?)
Hibernate: insert into inspection_term (date,inspection_center_id,is_scheduled,time) values (?,?,?,?)
Hibernate: insert into inspection_term (date,inspection_center_id,is_scheduled,time) values (?,?,?,?)
Hibernate: insert into inspection_term (date,inspection_center_id,is_scheduled,time) values (?,?,?,?)
Hibernate: insert into inspection_term (date,inspection_center_id,is_scheduled,time) values (?,?,?,?)
Hibernate: insert into inspection_term (date,inspection_center_id,is_scheduled,time) values (?,?,?,?)
Hibernate: insert into inspection_term (date,inspection_center_id,is_scheduled,time) values (?,?,?,?)
Hibernate: insert into inspection_term (date,inspection_center_id,is_scheduled,time) values (?,?,?,?)
Hibernate: insert into inspection_term (date,inspection_center_id,is_scheduled,time) values (?,?,?,?)
Hibernate: insert into inspection_term (date,inspection_center_id,is_scheduled,time) values (?,?,?,?)
Hibernate: insert into inspection_term (date,inspection_center_id,is_scheduled,time) values (?,?,?,?)
Hibernate: insert into inspection_term (date,inspection_center_id,is_scheduled,time) values (?,?,?,?)
Hibernate: insert into inspection_term (date,inspection_center_id,is_scheduled,time) values (?,?,?,?)
Hibernate: insert into inspection_term (date,inspection_center_id,is_scheduled,time) values (?,?,?,?)
Hibernate: insert into inspection_term (date,inspection_center_id,is_scheduled,time) values (?,?,?,?)
Hibernate: select ic1_0.id,ic1_0.city,ic1_0.contact_details,ic1_0.name from inspection_center ic1_0 where ic1_0.id=?
Hibernate: insert into inspection_term (date,inspection_center_id,is_scheduled,time) values (?,?,?,?)
Hibernate: insert into inspection_term (date,inspection_center_id,is_scheduled,time) values (?,?,?,?)
Hibernate: insert into inspection_term (date,inspection_center_id,is_scheduled,time) values (?,?,?,?)
Hibernate: insert into inspection_term (date,inspection_center_id,is_scheduled,time) values (?,?,?,?)
Hibernate: insert into inspection_term (date,inspection_center_id,is_scheduled,time) values (?,?,?,?)
Hibernate: insert into inspection_term (date,inspection_center_id,is_scheduled,time) values (?,?,?,?)
Hibernate: insert into inspection_term (date,inspection_center_id,is_scheduled,time) values (?,?,?,?)
Hibernate: insert into inspection_term (date,inspection_center_id,is_scheduled,time) values (?,?,?,?)
Hibernate: insert into inspection_term (date,inspection_center_id,is_scheduled,time) values (?,?,?,?)
Hibernate: insert into inspection_term (date,inspection_center_id,is_scheduled,time) values (?,?,?,?)
Hibernate: insert into inspection_term (date,inspection_center_id,is_scheduled,time) values (?,?,?,?)
Hibernate: insert into inspection_term (date,inspection_center_id,is_scheduled,time) values (?,?,?,?)
Hibernate: insert into inspection_term (date,inspection_center_id,is_scheduled,time) values (?,?,?,?)
Hibernate: insert into inspection_term (date,inspection_center_id,is_scheduled,time) values (?,?,?,?)
Hibernate: insert into inspection_term (date,inspection_center_id,is_scheduled,time) values (?,?,?,?)
Hibernate: insert into inspection_term (date,inspection_center_id,is_scheduled,time) values (?,?,?,?)
Hibernate: insert into inspection_term (date,inspection_center_id,is_scheduled,time) values (?,?,?,?)
Hibernate: insert into inspection_term (date,inspection_center_id,is_scheduled,time) values (?,?,?,?)
Hibernate: insert into inspection_term (date,inspection_center_id,is_scheduled,time) values (?,?,?,?)
Hibernate: insert into inspection_term (date,inspection_center_id,is_scheduled,time) values (?,?,?,?)
Hibernate: insert into inspection_term (date,inspection_center_id,is_scheduled,time) values (?,?,?,?)
Hibernate: insert into inspection_term (date,inspection_center_id,is_scheduled,time) values (?,?,?,?)
Hibernate: insert into inspection_term (date,inspection_center_id,is_scheduled,time) values (?,?,?,?)
Hibernate: insert into inspection_term (date,inspection_center_id,is_scheduled,time) values (?,?,?,?)
Hibernate: insert into inspection_term (date,inspection_center_id,is_scheduled,time) values (?,?,?,?)
Hibernate: insert into inspection_term (date,inspection_center_id,is_scheduled,time) values (?,?,?,?)
Hibernate: insert into inspection_term (date,inspection_center_id,is_scheduled,time) values (?,?,?,?)
Hibernate: insert into inspection_term (date,inspection_center_id,is_scheduled,time) values (?,?,?,?)
Hibernate: insert into inspection_term (date,inspection_center_id,is_scheduled,time) values (?,?,?,?)
Hibernate: insert into inspection_term (date,inspection_center_id,is_scheduled,time) values (?,?,?,?)
Hibernate: insert into inspection_term (date,inspection_center_id,is_scheduled,time) values (?,?,?,?)
Hibernate: insert into inspection_term (date,inspection_center_id,is_scheduled,time) values (?,?,?,?)
Hibernate: insert into inspection_term (date,inspection_center_id,is_scheduled,time) values (?,?,?,?)
Hibernate: insert into inspection_term (date,inspection_center_id,is_scheduled,time) values (?,?,?,?)
2024-06-25T12:24:20.087+02:00  WARN 16180 --- [VehicleInspection] [           main] JpaBaseConfiguration$JpaWebConfiguration : spring.jpa.open-in-view is enabled by default. Therefore, database queries may be performed during view rendering. Explicitly configure spring.jpa.open-in-view to disable this warning
2024-06-25T12:24:21.168+02:00  INFO 16180 --- [VehicleInspection] [           main] o.s.s.web.DefaultSecurityFilterChain     : Will secure any request with [org.springframework.security.web.session.DisableEncodeUrlFilter@23cfc9eb, org.springframework.security.web.context.request.async.WebAsyncManagerIntegrationFilter@14af9f51, org.springframework.security.web.context.SecurityContextHolderFilter@473c491, org.springframework.security.web.header.HeaderWriterFilter@669b8190, org.springframework.web.filter.CorsFilter@2bfe4df9, org.springframework.security.web.authentication.logout.LogoutFilter@a3f1f32, org.springframework.security.web.authentication.UsernamePasswordAuthenticationFilter@1315d910, org.springframework.security.web.savedrequest.RequestCacheAwareFilter@70a8654, org.springframework.security.web.servletapi.SecurityContextHolderAwareRequestFilter@671c71e8, org.springframework.security.web.authentication.AnonymousAuthenticationFilter@4f466207, org.springframework.security.web.access.ExceptionTranslationFilter@77da2881, org.springframework.security.web.access.intercept.AuthorizationFilter@60c68c7b]
2024-06-25T12:24:22.308+02:00  INFO 16180 --- [VehicleInspection] [           main] .e.v.VehicleRegistrationApplicationTests : Started VehicleRegistrationApplicationTests in 16.586 seconds (process running for 19.05)
]]></system-out>
  </testcase>
</testsuite>